%このファイルは日本語文字を含みます.
\BOOKMARK [0][-]{chapter.1}{序論}{}% 1
\BOOKMARK [1][-]{section.1.1}{研究背景}{chapter.1}% 2
\BOOKMARK [1][-]{section.1.2}{磁気回転効果を用いたスピン流生成に関する先行研究}{chapter.1}% 3
\BOOKMARK [1][-]{section.1.3}{研究目的}{chapter.1}% 4
\BOOKMARK [0][-]{chapter.2}{原理}{}% 5
\BOOKMARK [1][-]{section.2.1}{Rayleigh波}{chapter.2}% 6
\BOOKMARK [2][-]{subsection.2.1.1}{弾性体のひずみテンソル}{section.2.1}% 7
\BOOKMARK [2][-]{subsection.2.1.2}{ひずみと応力}{section.2.1}% 8
\BOOKMARK [2][-]{subsection.2.1.3}{弾性体を伝わる波}{section.2.1}% 9
\BOOKMARK [2][-]{subsection.2.1.4}{Rayleigh波}{section.2.1}% 10
\BOOKMARK [1][-]{section.2.2}{スピン渦度結合によるスピン流生成}{chapter.2}% 11
\BOOKMARK [2][-]{subsection.2.2.1}{スピン流}{section.2.2}% 12
\BOOKMARK [2][-]{subsection.2.2.2}{スピン蓄積}{section.2.2}% 13
\BOOKMARK [2][-]{subsection.2.2.3}{スピン渦度結合}{section.2.2}% 14
\BOOKMARK [2][-]{subsection.2.2.4}{スピン渦度結合によるスピン流生成}{section.2.2}% 15
\BOOKMARK [1][-]{section.2.3}{磁気共鳴}{chapter.2}% 16
\BOOKMARK [2][-]{subsection.2.3.1}{LLG方程式}{section.2.3}% 17
\BOOKMARK [2][-]{subsection.2.3.2}{強磁性共鳴}{section.2.3}% 18
\BOOKMARK [2][-]{subsection.2.3.3}{スピン波共鳴}{section.2.3}% 19
\BOOKMARK [2][-]{subsection.2.3.4}{STTによるスピン波共鳴}{section.2.3}% 20
\BOOKMARK [0][-]{chapter.3}{実験方法}{}% 21
\BOOKMARK [1][-]{section.3.1}{試料作製}{chapter.3}% 22
\BOOKMARK [2][-]{subsection.3.1.1}{素子設計}{section.3.1}% 23
\BOOKMARK [2][-]{subsection.3.1.2}{素子作製}{section.3.1}% 24
\BOOKMARK [3][-]{section*.6}{洗浄}{subsection.3.1.2}% 25
\BOOKMARK [3][-]{section*.7}{レジスト塗布}{subsection.3.1.2}% 26
\BOOKMARK [3][-]{section*.8}{描画}{subsection.3.1.2}% 27
\BOOKMARK [3][-]{section*.9}{現像}{subsection.3.1.2}% 28
\BOOKMARK [3][-]{section*.10}{蒸着}{subsection.3.1.2}% 29
\BOOKMARK [3][-]{section*.11}{リフトオフ}{subsection.3.1.2}% 30
\BOOKMARK [1][-]{section.3.2}{測定方法}{chapter.3}% 31
\BOOKMARK [2][-]{subsection.3.2.1}{ベクトルネットワークアナライザによるSパラメータ測定}{section.3.2}% 32
\BOOKMARK [2][-]{subsection.3.2.2}{ゲーティング処理}{section.3.2}% 33
\BOOKMARK [2][-]{subsection.3.2.3}{測定系}{section.3.2}% 34
\BOOKMARK [0][-]{chapter.4}{実験結果}{}% 35
\BOOKMARK [1][-]{section.4.1}{IDT素子測定結果}{chapter.4}% 36
\BOOKMARK [1][-]{section.4.2}{試料測定結果}{chapter.4}% 37
\BOOKMARK [2][-]{subsection.4.2.1}{Pt\(40\)/NiFe\(20\)/Pt\(40\)の測定結果}{section.4.2}% 38
\BOOKMARK [2][-]{subsection.4.2.2}{Pt\(6\)/NiFe\(20\)の測定結果}{section.4.2}% 39
\BOOKMARK [2][-]{subsection.4.2.3}{Mn\(6\)/NiFe\(20\)の測定結果}{section.4.2}% 40
\BOOKMARK [2][-]{subsection.4.2.4}{Pt\(40\)/NiFe\(20\)/Mn\(40\)の測定結果}{section.4.2}% 41
\BOOKMARK [2][-]{subsection.4.2.5}{NiFe\(20\)の測定結果}{section.4.2}% 42
\BOOKMARK [1][-]{section.4.3}{層構成の違いによるSTT-SWR励起強度の比較}{chapter.4}% 43
\BOOKMARK [0][-]{chapter.5}{考察}{}% 44
\BOOKMARK [1][-]{section.5.1}{Pt\(40\)/NiFe\(20\)/Pt\(40\)とPt\(40\)/NiFe\(20\)/Mn\(40\)の比較}{chapter.5}% 45
\BOOKMARK [1][-]{section.5.2}{Pt\(6\)/NiFe\(20\)とMn\(6\)/NiFe\(20\)の比較}{chapter.5}% 46
\BOOKMARK [1][-]{section.5.3}{NiFe\(20\)単層とその他の試料の比較}{chapter.5}% 47
\BOOKMARK [0][-]{chapter.6}{結論と今後の展望}{}% 48
\BOOKMARK [1][-]{section.6.1}{結論}{chapter.6}% 49
\BOOKMARK [1][-]{section.6.2}{今後の展望}{chapter.6}% 50
\BOOKMARK [0][-]{chapter*.12}{参考文献}{}% 51
\BOOKMARK [0][-]{chapter*.13}{謝辞}{}% 52
